{"name": "При создании заказа, происходит изменение значения счетчиков заказов", "status": "broken", "statusDetails": {"message": "selenium.common.exceptions.TimeoutException: Message: \nStacktrace:\n0   chromedriver                        0x00000001088640e8 chromedriver + 5169384\n1   chromedriver                        0x000000010885bfba chromedriver + 5136314\n2   chromedriver                        0x00000001083d836c chromedriver + 402284\n3   chromedriver                        0x0000000108425740 chromedriver + 718656\n4   chromedriver                        0x0000000108425a01 chromedriver + 719361\n5   chromedriver                        0x000000010846abc4 chromedriver + 1002436\n6   chromedriver                        0x0000000108448add chromedriver + 862941\n7   chromedriver                        0x0000000108467f57 chromedriver + 991063\n8   chromedriver                        0x0000000108448853 chromedriver + 862291\n9   chromedriver                        0x00000001084185c6 chromedriver + 665030\n10  chromedriver                        0x0000000108418e4e chromedriver + 667214\n11  chromedriver                        0x0000000108826d00 chromedriver + 4918528\n12  chromedriver                        0x000000010882bcfd chromedriver + 4939005\n13  chromedriver                        0x000000010882c3d5 chromedriver + 4940757\n14  chromedriver                        0x0000000108807de4 chromedriver + 4791780\n15  chromedriver                        0x000000010882c6c9 chromedriver + 4941513\n16  chromedriver                        0x00000001087f95b4 chromedriver + 4732340\n17  chromedriver                        0x000000010884c898 chromedriver + 5073048\n18  chromedriver                        0x000000010884ca57 chromedriver + 5073495\n19  chromedriver                        0x000000010885bb6e chromedriver + 5135214\n20  libsystem_pthread.dylib             0x00007ff807c4f4e1 _pthread_start + 125\n21  libsystem_pthread.dylib             0x00007ff807c4af6b thread_start + 15", "trace": "self = <test_create_order.TestCreateOrder object at 0x10ab9f200>, driver = <selenium.webdriver.chrome.webdriver.WebDriver (session=\"a93140a29eb15907c18d4c32ffb544a9\")>\ncounter = ('xpath', \"//p[text()='Выполнено за сегодня:']/following-sibling::p\")\n\n    @allure.title('При создании заказа, происходит изменение значения счетчиков заказов')\n    @pytest.mark.parametrize('counter', [OrdersLocators.TOTAL_ORDER_COUNT, OrdersLocators.DAILY_ORDER_COUNT])\n    def test_today_orders_counter(self, driver, counter):\n        login_user = LoginUserPage(driver)\n        login_user.login()\n        order_page = CreateOrderPage(driver)\n        main_page = MainPage(driver)\n>       order_page.click_orders_list()\n\ntests/test_create_order.py:60: \n_ _ _ _ _ _ _ _ _ _ _ _ _ _ _ _ _ _ _ _ _ _ _ _ _ _ _ _ _ _ _ _ _ _ _ _ _ _ _ _ _ _ _ _ _ _ _ _ _ _ _ _ _ _ _ _ _ _ _ _ _ _ _ _ _ _ _ _ _ _ _ _ _ _ _ _ _ _ _ _ _ _ _ _ _ _ \npages/create_order_page.py:36: in click_orders_list\n    self.wait_until_element_visibility(OrdersLocators.ORDERS_LIST_HEADER)\npages/base_page.py:44: in wait_until_element_visibility\n    return WebDriverWait(self.driver, 10).until(EC.visibility_of_element_located(locator))\n_ _ _ _ _ _ _ _ _ _ _ _ _ _ _ _ _ _ _ _ _ _ _ _ _ _ _ _ _ _ _ _ _ _ _ _ _ _ _ _ _ _ _ _ _ _ _ _ _ _ _ _ _ _ _ _ _ _ _ _ _ _ _ _ _ _ _ _ _ _ _ _ _ _ _ _ _ _ _ _ _ _ _ _ _ _ \n\nself = <selenium.webdriver.support.wait.WebDriverWait (session=\"a93140a29eb15907c18d4c32ffb544a9\")>\nmethod = <function visibility_of_element_located.<locals>._predicate at 0x10ad84720>, message = ''\n\n    def until(self, method: Callable[[D], Union[Literal[False], T]], message: str = \"\") -> T:\n        \"\"\"Calls the method provided with the driver as an argument until the \\\n        return value does not evaluate to ``False``.\n    \n        :param method: callable(WebDriver)\n        :param message: optional message for :exc:`TimeoutException`\n        :returns: the result of the last call to `method`\n        :raises: :exc:`selenium.common.exceptions.TimeoutException` if timeout occurs\n        \"\"\"\n        screen = None\n        stacktrace = None\n    \n        end_time = time.monotonic() + self._timeout\n        while True:\n            try:\n                value = method(self._driver)\n                if value:\n                    return value\n            except self._ignored_exceptions as exc:\n                screen = getattr(exc, \"screen\", None)\n                stacktrace = getattr(exc, \"stacktrace\", None)\n            time.sleep(self._poll)\n            if time.monotonic() > end_time:\n                break\n>       raise TimeoutException(message, screen, stacktrace)\nE       selenium.common.exceptions.TimeoutException: Message: \nE       Stacktrace:\nE       0   chromedriver                        0x00000001088640e8 chromedriver + 5169384\nE       1   chromedriver                        0x000000010885bfba chromedriver + 5136314\nE       2   chromedriver                        0x00000001083d836c chromedriver + 402284\nE       3   chromedriver                        0x0000000108425740 chromedriver + 718656\nE       4   chromedriver                        0x0000000108425a01 chromedriver + 719361\nE       5   chromedriver                        0x000000010846abc4 chromedriver + 1002436\nE       6   chromedriver                        0x0000000108448add chromedriver + 862941\nE       7   chromedriver                        0x0000000108467f57 chromedriver + 991063\nE       8   chromedriver                        0x0000000108448853 chromedriver + 862291\nE       9   chromedriver                        0x00000001084185c6 chromedriver + 665030\nE       10  chromedriver                        0x0000000108418e4e chromedriver + 667214\nE       11  chromedriver                        0x0000000108826d00 chromedriver + 4918528\nE       12  chromedriver                        0x000000010882bcfd chromedriver + 4939005\nE       13  chromedriver                        0x000000010882c3d5 chromedriver + 4940757\nE       14  chromedriver                        0x0000000108807de4 chromedriver + 4791780\nE       15  chromedriver                        0x000000010882c6c9 chromedriver + 4941513\nE       16  chromedriver                        0x00000001087f95b4 chromedriver + 4732340\nE       17  chromedriver                        0x000000010884c898 chromedriver + 5073048\nE       18  chromedriver                        0x000000010884ca57 chromedriver + 5073495\nE       19  chromedriver                        0x000000010885bb6e chromedriver + 5135214\nE       20  libsystem_pthread.dylib             0x00007ff807c4f4e1 _pthread_start + 125\nE       21  libsystem_pthread.dylib             0x00007ff807c4af6b thread_start + 15\n\n/Library/Frameworks/Python.framework/Versions/3.12/lib/python3.12/site-packages/selenium/webdriver/support/wait.py:105: TimeoutException"}, "steps": [{"name": "Авторизация", "status": "passed", "steps": [{"name": "Перейти на страницу авторизации по кнопке \"Войти в аккаунт\"", "status": "passed", "steps": [{"name": "Переместиться до элемента и кликнуть", "status": "passed", "parameters": [{"name": "locator", "value": "('xpath', \".//button[text()='Войти в аккаунт']\")"}], "start": 1720362203733, "stop": 1720362204029}], "start": 1720362203733, "stop": 1720362204029}, {"name": "Заполняем поле \"email\"", "status": "passed", "steps": [{"name": "Дождаться кликабельности элемента", "status": "passed", "parameters": [{"name": "locator", "value": "('xpath', \".//label[text()='Email']//parent::*/input\")"}], "start": 1720362204029, "stop": 1720362204054}, {"name": "Кликаем по элементу ('xpath', \".//label[text()='Email']//parent::*/input\")", "status": "passed", "parameters": [{"name": "locator", "value": "('xpath', \".//label[text()='Email']//parent::*/input\")"}], "start": 1720362204054, "stop": 1720362204095}, {"name": "Вставить текст 'krestik244@gmail.com'", "status": "passed", "parameters": [{"name": "locator", "value": "('xpath', \".//label[text()='Email']//parent::*/input\")"}, {"name": "text", "value": "'krestik244@gmail.com'"}], "start": 1720362204095, "stop": 1720362204214}], "parameters": [{"name": "user_email", "value": "'krestik244@gmail.com'"}], "start": 1720362204029, "stop": 1720362204214}, {"name": "Заполняем поле \"Пароль\"", "status": "passed", "steps": [{"name": "Кликаем по элементу ('xpath', \".//input[@type='password']\")", "status": "passed", "parameters": [{"name": "locator", "value": "('xpath', \".//input[@type='password']\")"}], "start": 1720362204215, "stop": 1720362204264}, {"name": "Вставить текст 'Qwerty123'", "status": "passed", "parameters": [{"name": "locator", "value": "('xpath', \".//input[@type='password']\")"}, {"name": "text", "value": "'Qwerty123'"}], "start": 1720362204264, "stop": 1720362204294}], "parameters": [{"name": "user_password", "value": "'Qwerty123'"}], "start": 1720362204214, "stop": 1720362204294}, {"name": "Нажимаем кнопку «Войти»", "status": "passed", "steps": [{"name": "Кликаем по элементу ('xpath', \".//button[text()='Войти']\")", "status": "passed", "parameters": [{"name": "locator", "value": "('xpath', \".//button[text()='Войти']\")"}], "start": 1720362204294, "stop": 1720362204333}, {"name": "Дождаться кликабельности элемента", "status": "passed", "parameters": [{"name": "locator", "value": "('xpath', \".//p[text()='Личный Кабинет']\")"}], "start": 1720362204333, "stop": 1720362204380}], "start": 1720362204294, "stop": 1720362204380}], "start": 1720362203733, "stop": 1720362204380}, {"name": "Переход на страницу Лента заказов", "status": "broken", "statusDetails": {"message": "selenium.common.exceptions.TimeoutException: Message: \nStacktrace:\n0   chromedriver                        0x00000001088640e8 chromedriver + 5169384\n1   chromedriver                        0x000000010885bfba chromedriver + 5136314\n2   chromedriver                        0x00000001083d836c chromedriver + 402284\n3   chromedriver                        0x0000000108425740 chromedriver + 718656\n4   chromedriver                        0x0000000108425a01 chromedriver + 719361\n5   chromedriver                        0x000000010846abc4 chromedriver + 1002436\n6   chromedriver                        0x0000000108448add chromedriver + 862941\n7   chromedriver                        0x0000000108467f57 chromedriver + 991063\n8   chromedriver                        0x0000000108448853 chromedriver + 862291\n9   chromedriver                        0x00000001084185c6 chromedriver + 665030\n10  chromedriver                        0x0000000108418e4e chromedriver + 667214\n11  chromedriver                        0x0000000108826d00 chromedriver + 4918528\n12  chromedriver                        0x000000010882bcfd chromedriver + 4939005\n13  chromedriver                        0x000000010882c3d5 chromedriver + 4940757\n14  chromedriver                        0x0000000108807de4 chromedriver + 4791780\n15  chromedriver                        0x000000010882c6c9 chromedriver + 4941513\n16  chromedriver                        0x00000001087f95b4 chromedriver + 4732340\n17  chromedriver                        0x000000010884c898 chromedriver + 5073048\n18  chromedriver                        0x000000010884ca57 chromedriver + 5073495\n19  chromedriver                        0x000000010885bb6e chromedriver + 5135214\n20  libsystem_pthread.dylib             0x00007ff807c4f4e1 _pthread_start + 125\n21  libsystem_pthread.dylib             0x00007ff807c4af6b thread_start + 15\n\n", "trace": "  File \"/Library/Frameworks/Python.framework/Versions/3.12/lib/python3.12/site-packages/allure_commons/_allure.py\", line 192, in impl\n    return func(*a, **kw)\n           ^^^^^^^^^^^^^^\n  File \"/Users/papovaanastasia/Desktop/Diplom_Anastasia_Papova_8/Diplom_3/pages/create_order_page.py\", line 36, in click_orders_list\n    self.wait_until_element_visibility(OrdersLocators.ORDERS_LIST_HEADER)\n  File \"/Library/Frameworks/Python.framework/Versions/3.12/lib/python3.12/site-packages/allure_commons/_allure.py\", line 192, in impl\n    return func(*a, **kw)\n           ^^^^^^^^^^^^^^\n  File \"/Users/papovaanastasia/Desktop/Diplom_Anastasia_Papova_8/Diplom_3/pages/base_page.py\", line 44, in wait_until_element_visibility\n    return WebDriverWait(self.driver, 10).until(EC.visibility_of_element_located(locator))\n           ^^^^^^^^^^^^^^^^^^^^^^^^^^^^^^^^^^^^^^^^^^^^^^^^^^^^^^^^^^^^^^^^^^^^^^^^^^^^^^^\n  File \"/Library/Frameworks/Python.framework/Versions/3.12/lib/python3.12/site-packages/selenium/webdriver/support/wait.py\", line 105, in until\n    raise TimeoutException(message, screen, stacktrace)\n"}, "steps": [{"name": "Переместиться до элемента и кликнуть", "status": "passed", "parameters": [{"name": "locator", "value": "('xpath', \"//a[.='Лента Заказов']\")"}], "start": 1720362204380, "stop": 1720362204657}, {"name": "Дождаться видимости элемента", "status": "broken", "statusDetails": {"message": "selenium.common.exceptions.TimeoutException: Message: \nStacktrace:\n0   chromedriver                        0x00000001088640e8 chromedriver + 5169384\n1   chromedriver                        0x000000010885bfba chromedriver + 5136314\n2   chromedriver                        0x00000001083d836c chromedriver + 402284\n3   chromedriver                        0x0000000108425740 chromedriver + 718656\n4   chromedriver                        0x0000000108425a01 chromedriver + 719361\n5   chromedriver                        0x000000010846abc4 chromedriver + 1002436\n6   chromedriver                        0x0000000108448add chromedriver + 862941\n7   chromedriver                        0x0000000108467f57 chromedriver + 991063\n8   chromedriver                        0x0000000108448853 chromedriver + 862291\n9   chromedriver                        0x00000001084185c6 chromedriver + 665030\n10  chromedriver                        0x0000000108418e4e chromedriver + 667214\n11  chromedriver                        0x0000000108826d00 chromedriver + 4918528\n12  chromedriver                        0x000000010882bcfd chromedriver + 4939005\n13  chromedriver                        0x000000010882c3d5 chromedriver + 4940757\n14  chromedriver                        0x0000000108807de4 chromedriver + 4791780\n15  chromedriver                        0x000000010882c6c9 chromedriver + 4941513\n16  chromedriver                        0x00000001087f95b4 chromedriver + 4732340\n17  chromedriver                        0x000000010884c898 chromedriver + 5073048\n18  chromedriver                        0x000000010884ca57 chromedriver + 5073495\n19  chromedriver                        0x000000010885bb6e chromedriver + 5135214\n20  libsystem_pthread.dylib             0x00007ff807c4f4e1 _pthread_start + 125\n21  libsystem_pthread.dylib             0x00007ff807c4af6b thread_start + 15\n\n", "trace": "  File \"/Library/Frameworks/Python.framework/Versions/3.12/lib/python3.12/site-packages/allure_commons/_allure.py\", line 192, in impl\n    return func(*a, **kw)\n           ^^^^^^^^^^^^^^\n  File \"/Users/papovaanastasia/Desktop/Diplom_Anastasia_Papova_8/Diplom_3/pages/base_page.py\", line 44, in wait_until_element_visibility\n    return WebDriverWait(self.driver, 10).until(EC.visibility_of_element_located(locator))\n           ^^^^^^^^^^^^^^^^^^^^^^^^^^^^^^^^^^^^^^^^^^^^^^^^^^^^^^^^^^^^^^^^^^^^^^^^^^^^^^^\n  File \"/Library/Frameworks/Python.framework/Versions/3.12/lib/python3.12/site-packages/selenium/webdriver/support/wait.py\", line 105, in until\n    raise TimeoutException(message, screen, stacktrace)\n"}, "parameters": [{"name": "locator", "value": "('xpath', \"//h1[text()='Лента заказов']\")"}], "start": 1720362204657, "stop": 1720362214964}], "start": 1720362204380, "stop": 1720362214964}], "parameters": [{"name": "driver", "value": "'chrome'"}, {"name": "counter", "value": "('xpath', \"//p[text()='Выполнено за сегодня:']/following-sibling::p\")"}], "start": 1720362203732, "stop": 1720362214965, "uuid": "8458762c-eeea-4b17-859f-86352833dfdd", "historyId": "e86a5843bc88ad2ad929fe088ed8fd46", "testCaseId": "dd0d8f4e50524d9e613145b9d27a89a0", "fullName": "tests.test_create_order.TestCreateOrder#test_today_orders_counter", "labels": [{"name": "parentSuite", "value": "tests"}, {"name": "suite", "value": "test_create_order"}, {"name": "subSuite", "value": "TestCreateOrder"}, {"name": "host", "value": "192.168.1.2"}, {"name": "thread", "value": "24041-MainThread"}, {"name": "framework", "value": "pytest"}, {"name": "language", "value": "cpython3"}, {"name": "package", "value": "tests.test_create_order"}]}