{"name": "При создании заказа, происходит изменение значения счетчиков заказов", "status": "broken", "statusDetails": {"message": "selenium.common.exceptions.TimeoutException: Message: \nStacktrace:\n0   chromedriver                        0x00000001061c00e8 chromedriver + 5169384\n1   chromedriver                        0x00000001061b7fba chromedriver + 5136314\n2   chromedriver                        0x0000000105d3436c chromedriver + 402284\n3   chromedriver                        0x0000000105d81740 chromedriver + 718656\n4   chromedriver                        0x0000000105d81a01 chromedriver + 719361\n5   chromedriver                        0x0000000105dc6bc4 chromedriver + 1002436\n6   chromedriver                        0x0000000105da4add chromedriver + 862941\n7   chromedriver                        0x0000000105dc3f57 chromedriver + 991063\n8   chromedriver                        0x0000000105da4853 chromedriver + 862291\n9   chromedriver                        0x0000000105d745c6 chromedriver + 665030\n10  chromedriver                        0x0000000105d74e4e chromedriver + 667214\n11  chromedriver                        0x0000000106182d00 chromedriver + 4918528\n12  chromedriver                        0x0000000106187cfd chromedriver + 4939005\n13  chromedriver                        0x00000001061883d5 chromedriver + 4940757\n14  chromedriver                        0x0000000106163de4 chromedriver + 4791780\n15  chromedriver                        0x00000001061886c9 chromedriver + 4941513\n16  chromedriver                        0x00000001061555b4 chromedriver + 4732340\n17  chromedriver                        0x00000001061a8898 chromedriver + 5073048\n18  chromedriver                        0x00000001061a8a57 chromedriver + 5073495\n19  chromedriver                        0x00000001061b7b6e chromedriver + 5135214\n20  libsystem_pthread.dylib             0x00007ff807c4f4e1 _pthread_start + 125\n21  libsystem_pthread.dylib             0x00007ff807c4af6b thread_start + 15", "trace": "self = <test_create_order.TestCreateOrder object at 0x104fdbd40>, pages = <pages.WebUIHandler object at 0x105061760>, login = None\ncounter = ('xpath', \"//p[text()='Выполнено за все время:']/following-sibling::p\")\n\n    @allure.title('При создании заказа, происходит изменение значения счетчиков заказов')\n    @pytest.mark.parametrize('counter', [OrdersLocators.TOTAL_ORDER_COUNT, OrdersLocators.DAILY_ORDER_COUNT])\n    def test_today_orders_counter(self, pages, login, counter):\n>       pages.click_orders_list()\n\ntests/test_create_order.py:44: \n_ _ _ _ _ _ _ _ _ _ _ _ _ _ _ _ _ _ _ _ _ _ _ _ _ _ _ _ _ _ _ _ _ _ _ _ _ _ _ _ _ _ _ _ _ _ _ _ _ _ _ _ _ _ _ _ _ _ _ _ _ _ _ _ _ _ _ _ _ _ _ _ _ _ _ _ _ _ _ _ _ _ _ _ _ _ \npages/main_page.py:17: in click_orders_list\n    self.wait_until_element_visibility(OrdersLocators.ORDERS_LIST_HEADER)\npages/base_page.py:41: in wait_until_element_visibility\n    return WebDriverWait(self.driver, 10).until(EC.visibility_of_element_located(locator))\n_ _ _ _ _ _ _ _ _ _ _ _ _ _ _ _ _ _ _ _ _ _ _ _ _ _ _ _ _ _ _ _ _ _ _ _ _ _ _ _ _ _ _ _ _ _ _ _ _ _ _ _ _ _ _ _ _ _ _ _ _ _ _ _ _ _ _ _ _ _ _ _ _ _ _ _ _ _ _ _ _ _ _ _ _ _ \n\nself = <selenium.webdriver.support.wait.WebDriverWait (session=\"3fa124e7ec93d285ebe400bb3e990663\")>\nmethod = <function visibility_of_element_located.<locals>._predicate at 0x105118860>, message = ''\n\n    def until(self, method: Callable[[D], Union[Literal[False], T]], message: str = \"\") -> T:\n        \"\"\"Calls the method provided with the driver as an argument until the \\\n        return value does not evaluate to ``False``.\n    \n        :param method: callable(WebDriver)\n        :param message: optional message for :exc:`TimeoutException`\n        :returns: the result of the last call to `method`\n        :raises: :exc:`selenium.common.exceptions.TimeoutException` if timeout occurs\n        \"\"\"\n        screen = None\n        stacktrace = None\n    \n        end_time = time.monotonic() + self._timeout\n        while True:\n            try:\n                value = method(self._driver)\n                if value:\n                    return value\n            except self._ignored_exceptions as exc:\n                screen = getattr(exc, \"screen\", None)\n                stacktrace = getattr(exc, \"stacktrace\", None)\n            time.sleep(self._poll)\n            if time.monotonic() > end_time:\n                break\n>       raise TimeoutException(message, screen, stacktrace)\nE       selenium.common.exceptions.TimeoutException: Message: \nE       Stacktrace:\nE       0   chromedriver                        0x00000001061c00e8 chromedriver + 5169384\nE       1   chromedriver                        0x00000001061b7fba chromedriver + 5136314\nE       2   chromedriver                        0x0000000105d3436c chromedriver + 402284\nE       3   chromedriver                        0x0000000105d81740 chromedriver + 718656\nE       4   chromedriver                        0x0000000105d81a01 chromedriver + 719361\nE       5   chromedriver                        0x0000000105dc6bc4 chromedriver + 1002436\nE       6   chromedriver                        0x0000000105da4add chromedriver + 862941\nE       7   chromedriver                        0x0000000105dc3f57 chromedriver + 991063\nE       8   chromedriver                        0x0000000105da4853 chromedriver + 862291\nE       9   chromedriver                        0x0000000105d745c6 chromedriver + 665030\nE       10  chromedriver                        0x0000000105d74e4e chromedriver + 667214\nE       11  chromedriver                        0x0000000106182d00 chromedriver + 4918528\nE       12  chromedriver                        0x0000000106187cfd chromedriver + 4939005\nE       13  chromedriver                        0x00000001061883d5 chromedriver + 4940757\nE       14  chromedriver                        0x0000000106163de4 chromedriver + 4791780\nE       15  chromedriver                        0x00000001061886c9 chromedriver + 4941513\nE       16  chromedriver                        0x00000001061555b4 chromedriver + 4732340\nE       17  chromedriver                        0x00000001061a8898 chromedriver + 5073048\nE       18  chromedriver                        0x00000001061a8a57 chromedriver + 5073495\nE       19  chromedriver                        0x00000001061b7b6e chromedriver + 5135214\nE       20  libsystem_pthread.dylib             0x00007ff807c4f4e1 _pthread_start + 125\nE       21  libsystem_pthread.dylib             0x00007ff807c4af6b thread_start + 15\n\n.venv/lib/python3.12/site-packages/selenium/webdriver/support/wait.py:105: TimeoutException"}, "steps": [{"name": "Переход на страницу Лента заказов", "status": "broken", "statusDetails": {"message": "selenium.common.exceptions.TimeoutException: Message: \nStacktrace:\n0   chromedriver                        0x00000001061c00e8 chromedriver + 5169384\n1   chromedriver                        0x00000001061b7fba chromedriver + 5136314\n2   chromedriver                        0x0000000105d3436c chromedriver + 402284\n3   chromedriver                        0x0000000105d81740 chromedriver + 718656\n4   chromedriver                        0x0000000105d81a01 chromedriver + 719361\n5   chromedriver                        0x0000000105dc6bc4 chromedriver + 1002436\n6   chromedriver                        0x0000000105da4add chromedriver + 862941\n7   chromedriver                        0x0000000105dc3f57 chromedriver + 991063\n8   chromedriver                        0x0000000105da4853 chromedriver + 862291\n9   chromedriver                        0x0000000105d745c6 chromedriver + 665030\n10  chromedriver                        0x0000000105d74e4e chromedriver + 667214\n11  chromedriver                        0x0000000106182d00 chromedriver + 4918528\n12  chromedriver                        0x0000000106187cfd chromedriver + 4939005\n13  chromedriver                        0x00000001061883d5 chromedriver + 4940757\n14  chromedriver                        0x0000000106163de4 chromedriver + 4791780\n15  chromedriver                        0x00000001061886c9 chromedriver + 4941513\n16  chromedriver                        0x00000001061555b4 chromedriver + 4732340\n17  chromedriver                        0x00000001061a8898 chromedriver + 5073048\n18  chromedriver                        0x00000001061a8a57 chromedriver + 5073495\n19  chromedriver                        0x00000001061b7b6e chromedriver + 5135214\n20  libsystem_pthread.dylib             0x00007ff807c4f4e1 _pthread_start + 125\n21  libsystem_pthread.dylib             0x00007ff807c4af6b thread_start + 15\n\n", "trace": "  File \"/Users/papovaanastasia/Desktop/Diplom/Diplom_3/.venv/lib/python3.12/site-packages/allure_commons/_allure.py\", line 192, in impl\n    return func(*a, **kw)\n           ^^^^^^^^^^^^^^\n  File \"/Users/papovaanastasia/Desktop/Diplom/Diplom_3/pages/main_page.py\", line 17, in click_orders_list\n    self.wait_until_element_visibility(OrdersLocators.ORDERS_LIST_HEADER)\n  File \"/Users/papovaanastasia/Desktop/Diplom/Diplom_3/.venv/lib/python3.12/site-packages/allure_commons/_allure.py\", line 192, in impl\n    return func(*a, **kw)\n           ^^^^^^^^^^^^^^\n  File \"/Users/papovaanastasia/Desktop/Diplom/Diplom_3/pages/base_page.py\", line 41, in wait_until_element_visibility\n    return WebDriverWait(self.driver, 10).until(EC.visibility_of_element_located(locator))\n           ^^^^^^^^^^^^^^^^^^^^^^^^^^^^^^^^^^^^^^^^^^^^^^^^^^^^^^^^^^^^^^^^^^^^^^^^^^^^^^^\n  File \"/Users/papovaanastasia/Desktop/Diplom/Diplom_3/.venv/lib/python3.12/site-packages/selenium/webdriver/support/wait.py\", line 105, in until\n    raise TimeoutException(message, screen, stacktrace)\n"}, "steps": [{"name": "Переместиться до элемента и кликнуть", "status": "passed", "parameters": [{"name": "locator", "value": "('xpath', \"//a[.='Лента Заказов']\")"}], "start": 1720042835251, "stop": 1720042835534}, {"name": "Дождаться видимости элемента", "status": "broken", "statusDetails": {"message": "selenium.common.exceptions.TimeoutException: Message: \nStacktrace:\n0   chromedriver                        0x00000001061c00e8 chromedriver + 5169384\n1   chromedriver                        0x00000001061b7fba chromedriver + 5136314\n2   chromedriver                        0x0000000105d3436c chromedriver + 402284\n3   chromedriver                        0x0000000105d81740 chromedriver + 718656\n4   chromedriver                        0x0000000105d81a01 chromedriver + 719361\n5   chromedriver                        0x0000000105dc6bc4 chromedriver + 1002436\n6   chromedriver                        0x0000000105da4add chromedriver + 862941\n7   chromedriver                        0x0000000105dc3f57 chromedriver + 991063\n8   chromedriver                        0x0000000105da4853 chromedriver + 862291\n9   chromedriver                        0x0000000105d745c6 chromedriver + 665030\n10  chromedriver                        0x0000000105d74e4e chromedriver + 667214\n11  chromedriver                        0x0000000106182d00 chromedriver + 4918528\n12  chromedriver                        0x0000000106187cfd chromedriver + 4939005\n13  chromedriver                        0x00000001061883d5 chromedriver + 4940757\n14  chromedriver                        0x0000000106163de4 chromedriver + 4791780\n15  chromedriver                        0x00000001061886c9 chromedriver + 4941513\n16  chromedriver                        0x00000001061555b4 chromedriver + 4732340\n17  chromedriver                        0x00000001061a8898 chromedriver + 5073048\n18  chromedriver                        0x00000001061a8a57 chromedriver + 5073495\n19  chromedriver                        0x00000001061b7b6e chromedriver + 5135214\n20  libsystem_pthread.dylib             0x00007ff807c4f4e1 _pthread_start + 125\n21  libsystem_pthread.dylib             0x00007ff807c4af6b thread_start + 15\n\n", "trace": "  File \"/Users/papovaanastasia/Desktop/Diplom/Diplom_3/.venv/lib/python3.12/site-packages/allure_commons/_allure.py\", line 192, in impl\n    return func(*a, **kw)\n           ^^^^^^^^^^^^^^\n  File \"/Users/papovaanastasia/Desktop/Diplom/Diplom_3/pages/base_page.py\", line 41, in wait_until_element_visibility\n    return WebDriverWait(self.driver, 10).until(EC.visibility_of_element_located(locator))\n           ^^^^^^^^^^^^^^^^^^^^^^^^^^^^^^^^^^^^^^^^^^^^^^^^^^^^^^^^^^^^^^^^^^^^^^^^^^^^^^^\n  File \"/Users/papovaanastasia/Desktop/Diplom/Diplom_3/.venv/lib/python3.12/site-packages/selenium/webdriver/support/wait.py\", line 105, in until\n    raise TimeoutException(message, screen, stacktrace)\n"}, "parameters": [{"name": "locator", "value": "('xpath', \"//h1[text()='Лента заказов']\")"}], "start": 1720042835534, "stop": 1720042845848}], "start": 1720042835251, "stop": 1720042845849}], "parameters": [{"name": "driver", "value": "'chrome'"}, {"name": "counter", "value": "('xpath', \"//p[text()='Выполнено за все время:']/following-sibling::p\")"}], "start": 1720042835251, "stop": 1720042845851, "uuid": "2f76bc03-49dd-4a2e-8998-e91c608b802c", "historyId": "c143b497532fad76c5db72872b085203", "testCaseId": "dd0d8f4e50524d9e613145b9d27a89a0", "fullName": "tests.test_create_order.TestCreateOrder#test_today_orders_counter", "labels": [{"name": "parentSuite", "value": "tests"}, {"name": "suite", "value": "test_create_order"}, {"name": "subSuite", "value": "TestCreateOrder"}, {"name": "host", "value": "192.168.1.8"}, {"name": "thread", "value": "14142-MainThread"}, {"name": "framework", "value": "pytest"}, {"name": "language", "value": "cpython3"}, {"name": "package", "value": "tests.test_create_order"}]}